actionid: tox
msg: packaging
cmdargs: ['/home/peter/praekelt/django-recaptcha/ve/bin/python', local('/home/peter/praekelt/django-recaptcha/setup.py'), 'sdist', '--formats=zip', '--dist-dir', local('/home/peter/praekelt/django-recaptcha/.tox/dist')]
env: None

running sdist
running egg_info
writing requirements to django_recaptcha.egg-info/requires.txt
writing django_recaptcha.egg-info/PKG-INFO
writing top-level names to django_recaptcha.egg-info/top_level.txt
writing dependency_links to django_recaptcha.egg-info/dependency_links.txt
reading manifest file 'django_recaptcha.egg-info/SOURCES.txt'
reading manifest template 'MANIFEST.in'
writing manifest file 'django_recaptcha.egg-info/SOURCES.txt'
running check
creating django-recaptcha-1.2.0
creating django-recaptcha-1.2.0/captcha
creating django-recaptcha-1.2.0/captcha/templates
creating django-recaptcha-1.2.0/captcha/templates/captcha
creating django-recaptcha-1.2.0/django_recaptcha.egg-info
copying files to django-recaptcha-1.2.0...
copying AUTHORS.rst -> django-recaptcha-1.2.0
copying CHANGELOG.rst -> django-recaptcha-1.2.0
copying LICENSE -> django-recaptcha-1.2.0
copying MANIFEST.in -> django-recaptcha-1.2.0
copying README.rst -> django-recaptcha-1.2.0
copying setup.cfg -> django-recaptcha-1.2.0
copying setup.py -> django-recaptcha-1.2.0
copying captcha/__init__.py -> django-recaptcha-1.2.0/captcha
copying captcha/_compat.py -> django-recaptcha-1.2.0/captcha
copying captcha/client.py -> django-recaptcha-1.2.0/captcha
copying captcha/fields.py -> django-recaptcha-1.2.0/captcha
copying captcha/models.py -> django-recaptcha-1.2.0/captcha
copying captcha/tests.py -> django-recaptcha-1.2.0/captcha
copying captcha/widgets.py -> django-recaptcha-1.2.0/captcha
copying captcha/templates/captcha/widget.html -> django-recaptcha-1.2.0/captcha/templates/captcha
copying captcha/templates/captcha/widget_ajax.html -> django-recaptcha-1.2.0/captcha/templates/captcha
copying captcha/templates/captcha/widget_nocaptcha.html -> django-recaptcha-1.2.0/captcha/templates/captcha
copying django_recaptcha.egg-info/PKG-INFO -> django-recaptcha-1.2.0/django_recaptcha.egg-info
copying django_recaptcha.egg-info/SOURCES.txt -> django-recaptcha-1.2.0/django_recaptcha.egg-info
copying django_recaptcha.egg-info/dependency_links.txt -> django-recaptcha-1.2.0/django_recaptcha.egg-info
copying django_recaptcha.egg-info/not-zip-safe -> django-recaptcha-1.2.0/django_recaptcha.egg-info
copying django_recaptcha.egg-info/requires.txt -> django-recaptcha-1.2.0/django_recaptcha.egg-info
copying django_recaptcha.egg-info/top_level.txt -> django-recaptcha-1.2.0/django_recaptcha.egg-info
Writing django-recaptcha-1.2.0/setup.cfg
creating '.tox/dist/django-recaptcha-1.2.0.zip' and adding 'django-recaptcha-1.2.0' to it
adding 'django-recaptcha-1.2.0/setup.py'
adding 'django-recaptcha-1.2.0/setup.cfg'
adding 'django-recaptcha-1.2.0/MANIFEST.in'
adding 'django-recaptcha-1.2.0/README.rst'
adding 'django-recaptcha-1.2.0/AUTHORS.rst'
adding 'django-recaptcha-1.2.0/PKG-INFO'
adding 'django-recaptcha-1.2.0/CHANGELOG.rst'
adding 'django-recaptcha-1.2.0/LICENSE'
adding 'django-recaptcha-1.2.0/captcha/tests.py'
adding 'django-recaptcha-1.2.0/captcha/__init__.py'
adding 'django-recaptcha-1.2.0/captcha/widgets.py'
adding 'django-recaptcha-1.2.0/captcha/models.py'
adding 'django-recaptcha-1.2.0/captcha/client.py'
adding 'django-recaptcha-1.2.0/captcha/fields.py'
adding 'django-recaptcha-1.2.0/captcha/_compat.py'
adding 'django-recaptcha-1.2.0/captcha/templates/captcha/widget.html'
adding 'django-recaptcha-1.2.0/captcha/templates/captcha/widget_ajax.html'
adding 'django-recaptcha-1.2.0/captcha/templates/captcha/widget_nocaptcha.html'
adding 'django-recaptcha-1.2.0/django_recaptcha.egg-info/top_level.txt'
adding 'django-recaptcha-1.2.0/django_recaptcha.egg-info/SOURCES.txt'
adding 'django-recaptcha-1.2.0/django_recaptcha.egg-info/not-zip-safe'
adding 'django-recaptcha-1.2.0/django_recaptcha.egg-info/requires.txt'
adding 'django-recaptcha-1.2.0/django_recaptcha.egg-info/PKG-INFO'
adding 'django-recaptcha-1.2.0/django_recaptcha.egg-info/dependency_links.txt'
removing 'django-recaptcha-1.2.0' (and everything under it)
